<?xml version="1.0" encoding="UTF-8"?>
<testng-results skipped="1" failed="0" ignored="0" total="5" passed="4">
  <reporter-output>
  </reporter-output>
  <suite name="Default suite" duration-ms="268451" started-at="2020-03-05T06:28:33Z" finished-at="2020-03-05T06:33:01Z">
    <groups>
    </groups>
    <test name="Default test" duration-ms="268451" started-at="2020-03-05T06:28:33Z" finished-at="2020-03-05T06:33:01Z">
      <class name="com.loadtesting.tests.HomePageTest">
        <test-method status="PASS" signature="beforeSuite()[pri:0, instance:com.loadtesting.tests.HomePageTest@ae45eb6]" name="beforeSuite" is-config="true" duration-ms="82" started-at="2020-03-05T11:58:33Z" finished-at="2020-03-05T11:58:33Z">
          <reporter-output>
          </reporter-output>
        </test-method> <!-- beforeSuite -->
        <test-method status="PASS" signature="beforeClass()[pri:0, instance:com.loadtesting.tests.HomePageTest@ae45eb6]" name="beforeClass" is-config="true" duration-ms="732" started-at="2020-03-05T11:58:33Z" finished-at="2020-03-05T11:58:34Z">
          <reporter-output>
          </reporter-output>
        </test-method> <!-- beforeClass -->
        <test-method status="PASS" signature="setUp()[pri:0, instance:com.loadtesting.tests.HomePageTest@ae45eb6]" name="setUp" is-config="true" duration-ms="39245" started-at="2020-03-05T11:58:34Z" finished-at="2020-03-05T11:59:13Z">
          <reporter-output>
          </reporter-output>
        </test-method> <!-- setUp -->
        <test-method status="PASS" signature="traveeling_mode()[pri:1, instance:com.loadtesting.tests.HomePageTest@ae45eb6]" name="traveeling_mode" duration-ms="9731" started-at="2020-03-05T11:59:13Z" finished-at="2020-03-05T11:59:23Z">
          <reporter-output>
          </reporter-output>
        </test-method> <!-- traveeling_mode -->
        <test-method status="PASS" signature="getResult(org.testng.ITestResult)[pri:0, instance:com.loadtesting.tests.HomePageTest@ae45eb6]" name="getResult" is-config="true" duration-ms="867" started-at="2020-03-05T11:59:23Z" finished-at="2020-03-05T11:59:24Z">
          <params>
            <param index="0">
              <value>
                <![CDATA[[TestResult name=traveeling_mode status=SUCCESS method=HomePageTest.traveeling_mode()[pri:1, instance:com.loadtesting.tests.HomePageTest@ae45eb6] output={null}]]]>
              </value>
            </param>
          </params>
          <reporter-output>
          </reporter-output>
        </test-method> <!-- getResult -->
        <test-method status="PASS" signature="setUp()[pri:0, instance:com.loadtesting.tests.HomePageTest@ae45eb6]" name="setUp" is-config="true" duration-ms="27675" started-at="2020-03-05T11:59:24Z" finished-at="2020-03-05T11:59:51Z">
          <reporter-output>
          </reporter-output>
        </test-method> <!-- setUp -->
        <test-method status="PASS" signature="travellingwithoutStartName()[pri:2, instance:com.loadtesting.tests.HomePageTest@ae45eb6]" name="travellingwithoutStartName" duration-ms="8011" started-at="2020-03-05T11:59:51Z" finished-at="2020-03-05T11:59:59Z">
          <reporter-output>
          </reporter-output>
        </test-method> <!-- travellingwithoutStartName -->
        <test-method status="PASS" signature="getResult(org.testng.ITestResult)[pri:0, instance:com.loadtesting.tests.HomePageTest@ae45eb6]" name="getResult" is-config="true" duration-ms="2716" started-at="2020-03-05T11:59:59Z" finished-at="2020-03-05T12:00:02Z">
          <params>
            <param index="0">
              <value>
                <![CDATA[[TestResult name=travellingwithoutStartName status=SUCCESS method=HomePageTest.travellingwithoutStartName()[pri:2, instance:com.loadtesting.tests.HomePageTest@ae45eb6] output={null}]]]>
              </value>
            </param>
          </params>
          <reporter-output>
          </reporter-output>
        </test-method> <!-- getResult -->
        <test-method status="PASS" signature="setUp()[pri:0, instance:com.loadtesting.tests.HomePageTest@ae45eb6]" name="setUp" is-config="true" duration-ms="26546" started-at="2020-03-05T12:00:02Z" finished-at="2020-03-05T12:00:29Z">
          <reporter-output>
          </reporter-output>
        </test-method> <!-- setUp -->
        <test-method status="PASS" signature="travellingWithoutDestName()[pri:3, instance:com.loadtesting.tests.HomePageTest@ae45eb6]" name="travellingWithoutDestName" duration-ms="7435" started-at="2020-03-05T12:00:29Z" finished-at="2020-03-05T12:00:36Z">
          <reporter-output>
          </reporter-output>
        </test-method> <!-- travellingWithoutDestName -->
        <test-method status="PASS" signature="getResult(org.testng.ITestResult)[pri:0, instance:com.loadtesting.tests.HomePageTest@ae45eb6]" name="getResult" is-config="true" duration-ms="717" started-at="2020-03-05T12:00:36Z" finished-at="2020-03-05T12:00:37Z">
          <params>
            <param index="0">
              <value>
                <![CDATA[[TestResult name=travellingWithoutDestName status=SUCCESS method=HomePageTest.travellingWithoutDestName()[pri:3, instance:com.loadtesting.tests.HomePageTest@ae45eb6] output={null}]]]>
              </value>
            </param>
          </params>
          <reporter-output>
          </reporter-output>
        </test-method> <!-- getResult -->
        <test-method status="PASS" signature="setUp()[pri:0, instance:com.loadtesting.tests.HomePageTest@ae45eb6]" name="setUp" is-config="true" duration-ms="58503" started-at="2020-03-05T12:00:37Z" finished-at="2020-03-05T12:01:35Z">
          <reporter-output>
          </reporter-output>
        </test-method> <!-- setUp -->
        <test-method status="PASS" signature="testcase()[pri:4, instance:com.loadtesting.tests.HomePageTest@ae45eb6]" name="testcase" duration-ms="6" started-at="2020-03-05T12:01:35Z" finished-at="2020-03-05T12:01:35Z">
          <reporter-output>
          </reporter-output>
        </test-method> <!-- testcase -->
        <test-method status="PASS" signature="getResult(org.testng.ITestResult)[pri:0, instance:com.loadtesting.tests.HomePageTest@ae45eb6]" name="getResult" is-config="true" duration-ms="4914" started-at="2020-03-05T12:01:35Z" finished-at="2020-03-05T12:01:40Z">
          <params>
            <param index="0">
              <value>
                <![CDATA[[TestResult name=testcase status=SUCCESS method=HomePageTest.testcase()[pri:4, instance:com.loadtesting.tests.HomePageTest@ae45eb6] output={null}]]]>
              </value>
            </param>
          </params>
          <reporter-output>
          </reporter-output>
        </test-method> <!-- getResult -->
        <test-method status="FAIL" signature="setUp()[pri:0, instance:com.loadtesting.tests.HomePageTest@ae45eb6]" name="setUp" is-config="true" duration-ms="0" started-at="2020-03-05T12:01:40Z" finished-at="2020-03-05T12:01:40Z">
          <exception class="org.openqa.selenium.TimeoutException">
            <message>
              <![CDATA[timeout
  (Session info: chrome=80.0.3987.122)
Build info: version: '3.14.0', revision: 'aacccce0', time: '2018-08-02T20:19:58.91Z'
System info: host: 'IN-5CG7192FW6', ip: '10.231.7.177', os.name: 'Windows 10', os.arch: 'amd64', os.version: '10.0', java.version: '1.8.0_241'
Driver info: org.openqa.selenium.chrome.ChromeDriver
Capabilities {acceptInsecureCerts: false, browserName: chrome, browserVersion: 80.0.3987.122, chrome: {chromedriverVersion: 79.0.3945.16 (93fcc21110c10..., userDataDir: C:\Users\VREDDY~1\AppData\L...}, goog:chromeOptions: {debuggerAddress: localhost:61088}, javascriptEnabled: true, networkConnectionEnabled: false, pageLoadStrategy: normal, platform: WINDOWS, platformName: WINDOWS, proxy: Proxy(), setWindowRect: true, strictFileInteractability: false, timeouts: {implicit: 0, pageLoad: 300000, script: 30000}, unhandledPromptBehavior: dismiss and notify}
Session ID: 862c49010641449e3d25feb88837f5b9]]>
            </message>
            <full-stacktrace>
              <![CDATA[org.openqa.selenium.TimeoutException: timeout
  (Session info: chrome=80.0.3987.122)
Build info: version: '3.14.0', revision: 'aacccce0', time: '2018-08-02T20:19:58.91Z'
System info: host: 'IN-5CG7192FW6', ip: '10.231.7.177', os.name: 'Windows 10', os.arch: 'amd64', os.version: '10.0', java.version: '1.8.0_241'
Driver info: org.openqa.selenium.chrome.ChromeDriver
Capabilities {acceptInsecureCerts: false, browserName: chrome, browserVersion: 80.0.3987.122, chrome: {chromedriverVersion: 79.0.3945.16 (93fcc21110c10..., userDataDir: C:\Users\VREDDY~1\AppData\L...}, goog:chromeOptions: {debuggerAddress: localhost:61088}, javascriptEnabled: true, networkConnectionEnabled: false, pageLoadStrategy: normal, platform: WINDOWS, platformName: WINDOWS, proxy: Proxy(), setWindowRect: true, strictFileInteractability: false, timeouts: {implicit: 0, pageLoad: 300000, script: 30000}, unhandledPromptBehavior: dismiss and notify}
Session ID: 862c49010641449e3d25feb88837f5b9
	at sun.reflect.NativeConstructorAccessorImpl.newInstance0(Native Method)
	at sun.reflect.NativeConstructorAccessorImpl.newInstance(NativeConstructorAccessorImpl.java:62)
	at sun.reflect.DelegatingConstructorAccessorImpl.newInstance(DelegatingConstructorAccessorImpl.java:45)
	at java.lang.reflect.Constructor.newInstance(Constructor.java:423)
	at org.openqa.selenium.remote.http.W3CHttpResponseCodec.createException(W3CHttpResponseCodec.java:187)
	at org.openqa.selenium.remote.http.W3CHttpResponseCodec.decode(W3CHttpResponseCodec.java:122)
	at org.openqa.selenium.remote.http.W3CHttpResponseCodec.decode(W3CHttpResponseCodec.java:49)
	at org.openqa.selenium.remote.HttpCommandExecutor.execute(HttpCommandExecutor.java:158)
	at org.openqa.selenium.remote.service.DriverCommandExecutor.execute(DriverCommandExecutor.java:83)
	at org.openqa.selenium.remote.RemoteWebDriver.execute(RemoteWebDriver.java:548)
	at org.openqa.selenium.remote.RemoteWebDriver.get(RemoteWebDriver.java:276)
	at com.Load.Testing.pages.BasePage.initilization(BasePage.java:87)
	at com.loadtesting.tests.HomePageTest.setUp(HomePageTest.java:23)
	at sun.reflect.NativeMethodAccessorImpl.invoke0(Native Method)
	at sun.reflect.NativeMethodAccessorImpl.invoke(NativeMethodAccessorImpl.java:62)
	at sun.reflect.DelegatingMethodAccessorImpl.invoke(DelegatingMethodAccessorImpl.java:43)
	at java.lang.reflect.Method.invoke(Method.java:498)
	at org.testng.internal.MethodInvocationHelper.invokeMethod(MethodInvocationHelper.java:104)
	at org.testng.internal.Invoker.invokeConfigurationMethod(Invoker.java:515)
	at org.testng.internal.Invoker.invokeConfigurations(Invoker.java:217)
	at org.testng.internal.Invoker.invokeMethod(Invoker.java:590)
	at org.testng.internal.Invoker.invokeTestMethod(Invoker.java:851)
	at org.testng.internal.Invoker.invokeTestMethods(Invoker.java:1177)
	at org.testng.internal.TestMethodWorker.invokeTestMethods(TestMethodWorker.java:129)
	at org.testng.internal.TestMethodWorker.run(TestMethodWorker.java:112)
	at org.testng.TestRunner.privateRun(TestRunner.java:756)
	at org.testng.TestRunner.run(TestRunner.java:610)
	at org.testng.SuiteRunner.runTest(SuiteRunner.java:387)
	at org.testng.SuiteRunner.runSequentially(SuiteRunner.java:382)
	at org.testng.SuiteRunner.privateRun(SuiteRunner.java:340)
	at org.testng.SuiteRunner.run(SuiteRunner.java:289)
	at org.testng.SuiteRunnerWorker.runSuite(SuiteRunnerWorker.java:52)
	at org.testng.SuiteRunnerWorker.run(SuiteRunnerWorker.java:86)
	at org.testng.TestNG.runSuitesSequentially(TestNG.java:1293)
	at org.testng.TestNG.runSuitesLocally(TestNG.java:1218)
	at org.testng.TestNG.runSuites(TestNG.java:1133)
	at org.testng.TestNG.run(TestNG.java:1104)
	at org.testng.remote.AbstractRemoteTestNG.run(AbstractRemoteTestNG.java:132)
	at org.testng.remote.RemoteTestNG.initAndRun(RemoteTestNG.java:230)
	at org.testng.remote.RemoteTestNG.main(RemoteTestNG.java:76)
]]>
            </full-stacktrace>
          </exception> <!-- org.openqa.selenium.TimeoutException -->
          <reporter-output>
          </reporter-output>
        </test-method> <!-- setUp -->
        <test-method status="SKIP" signature="testcase3()[pri:5, instance:com.loadtesting.tests.HomePageTest@ae45eb6]" name="testcase3" duration-ms="9" started-at="2020-03-05T12:03:01Z" finished-at="2020-03-05T12:03:01Z">
          <exception class="org.openqa.selenium.TimeoutException">
            <message>
              <![CDATA[timeout
  (Session info: chrome=80.0.3987.122)
Build info: version: '3.14.0', revision: 'aacccce0', time: '2018-08-02T20:19:58.91Z'
System info: host: 'IN-5CG7192FW6', ip: '10.231.7.177', os.name: 'Windows 10', os.arch: 'amd64', os.version: '10.0', java.version: '1.8.0_241'
Driver info: org.openqa.selenium.chrome.ChromeDriver
Capabilities {acceptInsecureCerts: false, browserName: chrome, browserVersion: 80.0.3987.122, chrome: {chromedriverVersion: 79.0.3945.16 (93fcc21110c10..., userDataDir: C:\Users\VREDDY~1\AppData\L...}, goog:chromeOptions: {debuggerAddress: localhost:61088}, javascriptEnabled: true, networkConnectionEnabled: false, pageLoadStrategy: normal, platform: WINDOWS, platformName: WINDOWS, proxy: Proxy(), setWindowRect: true, strictFileInteractability: false, timeouts: {implicit: 0, pageLoad: 300000, script: 30000}, unhandledPromptBehavior: dismiss and notify}
Session ID: 862c49010641449e3d25feb88837f5b9]]>
            </message>
            <full-stacktrace>
              <![CDATA[org.openqa.selenium.TimeoutException: timeout
  (Session info: chrome=80.0.3987.122)
Build info: version: '3.14.0', revision: 'aacccce0', time: '2018-08-02T20:19:58.91Z'
System info: host: 'IN-5CG7192FW6', ip: '10.231.7.177', os.name: 'Windows 10', os.arch: 'amd64', os.version: '10.0', java.version: '1.8.0_241'
Driver info: org.openqa.selenium.chrome.ChromeDriver
Capabilities {acceptInsecureCerts: false, browserName: chrome, browserVersion: 80.0.3987.122, chrome: {chromedriverVersion: 79.0.3945.16 (93fcc21110c10..., userDataDir: C:\Users\VREDDY~1\AppData\L...}, goog:chromeOptions: {debuggerAddress: localhost:61088}, javascriptEnabled: true, networkConnectionEnabled: false, pageLoadStrategy: normal, platform: WINDOWS, platformName: WINDOWS, proxy: Proxy(), setWindowRect: true, strictFileInteractability: false, timeouts: {implicit: 0, pageLoad: 300000, script: 30000}, unhandledPromptBehavior: dismiss and notify}
Session ID: 862c49010641449e3d25feb88837f5b9
	at sun.reflect.NativeConstructorAccessorImpl.newInstance0(Native Method)
	at sun.reflect.NativeConstructorAccessorImpl.newInstance(NativeConstructorAccessorImpl.java:62)
	at sun.reflect.DelegatingConstructorAccessorImpl.newInstance(DelegatingConstructorAccessorImpl.java:45)
	at java.lang.reflect.Constructor.newInstance(Constructor.java:423)
	at org.openqa.selenium.remote.http.W3CHttpResponseCodec.createException(W3CHttpResponseCodec.java:187)
	at org.openqa.selenium.remote.http.W3CHttpResponseCodec.decode(W3CHttpResponseCodec.java:122)
	at org.openqa.selenium.remote.http.W3CHttpResponseCodec.decode(W3CHttpResponseCodec.java:49)
	at org.openqa.selenium.remote.HttpCommandExecutor.execute(HttpCommandExecutor.java:158)
	at org.openqa.selenium.remote.service.DriverCommandExecutor.execute(DriverCommandExecutor.java:83)
	at org.openqa.selenium.remote.RemoteWebDriver.execute(RemoteWebDriver.java:548)
	at org.openqa.selenium.remote.RemoteWebDriver.get(RemoteWebDriver.java:276)
	at com.Load.Testing.pages.BasePage.initilization(BasePage.java:87)
	at com.loadtesting.tests.HomePageTest.setUp(HomePageTest.java:23)
	at sun.reflect.NativeMethodAccessorImpl.invoke0(Native Method)
	at sun.reflect.NativeMethodAccessorImpl.invoke(NativeMethodAccessorImpl.java:62)
	at sun.reflect.DelegatingMethodAccessorImpl.invoke(DelegatingMethodAccessorImpl.java:43)
	at java.lang.reflect.Method.invoke(Method.java:498)
	at org.testng.internal.MethodInvocationHelper.invokeMethod(MethodInvocationHelper.java:104)
	at org.testng.internal.Invoker.invokeConfigurationMethod(Invoker.java:515)
	at org.testng.internal.Invoker.invokeConfigurations(Invoker.java:217)
	at org.testng.internal.Invoker.invokeMethod(Invoker.java:590)
	at org.testng.internal.Invoker.invokeTestMethod(Invoker.java:851)
	at org.testng.internal.Invoker.invokeTestMethods(Invoker.java:1177)
	at org.testng.internal.TestMethodWorker.invokeTestMethods(TestMethodWorker.java:129)
	at org.testng.internal.TestMethodWorker.run(TestMethodWorker.java:112)
	at org.testng.TestRunner.privateRun(TestRunner.java:756)
	at org.testng.TestRunner.run(TestRunner.java:610)
	at org.testng.SuiteRunner.runTest(SuiteRunner.java:387)
	at org.testng.SuiteRunner.runSequentially(SuiteRunner.java:382)
	at org.testng.SuiteRunner.privateRun(SuiteRunner.java:340)
	at org.testng.SuiteRunner.run(SuiteRunner.java:289)
	at org.testng.SuiteRunnerWorker.runSuite(SuiteRunnerWorker.java:52)
	at org.testng.SuiteRunnerWorker.run(SuiteRunnerWorker.java:86)
	at org.testng.TestNG.runSuitesSequentially(TestNG.java:1293)
	at org.testng.TestNG.runSuitesLocally(TestNG.java:1218)
	at org.testng.TestNG.runSuites(TestNG.java:1133)
	at org.testng.TestNG.run(TestNG.java:1104)
	at org.testng.remote.AbstractRemoteTestNG.run(AbstractRemoteTestNG.java:132)
	at org.testng.remote.RemoteTestNG.initAndRun(RemoteTestNG.java:230)
	at org.testng.remote.RemoteTestNG.main(RemoteTestNG.java:76)
]]>
            </full-stacktrace>
          </exception> <!-- org.openqa.selenium.TimeoutException -->
          <reporter-output>
          </reporter-output>
        </test-method> <!-- testcase3 -->
        <test-method status="SKIP" signature="getResult(org.testng.ITestResult)[pri:0, instance:com.loadtesting.tests.HomePageTest@ae45eb6]" name="getResult" is-config="true" duration-ms="0" started-at="2020-03-05T12:03:01Z" finished-at="2020-03-05T12:03:01Z">
          <reporter-output>
          </reporter-output>
        </test-method> <!-- getResult -->
        <test-method status="SKIP" signature="afterClass()[pri:0, instance:com.loadtesting.tests.HomePageTest@ae45eb6]" name="afterClass" is-config="true" duration-ms="0" started-at="2020-03-05T12:03:01Z" finished-at="2020-03-05T12:03:01Z">
          <reporter-output>
          </reporter-output>
        </test-method> <!-- afterClass -->
        <test-method status="SKIP" signature="afterSuite()[pri:0, instance:com.loadtesting.tests.HomePageTest@ae45eb6]" name="afterSuite" is-config="true" duration-ms="0" started-at="2020-03-05T12:03:03Z" finished-at="2020-03-05T12:03:03Z">
          <reporter-output>
          </reporter-output>
        </test-method> <!-- afterSuite -->
      </class> <!-- com.loadtesting.tests.HomePageTest -->
    </test> <!-- Default test -->
  </suite> <!-- Default suite -->
</testng-results>
